[2021-06-29T14:15:50.512083+03:00] eMarket.INFO: DELETE ["?route=action_log","admin@emarketforum.com"] []
[2021-06-29T16:48:53.055140+03:00] eMarket.INFO: EDIT ["?route=settings/currencies","admin@emarketforum.com"] []
[2021-06-29T16:51:45.966062+03:00] eMarket.INFO: EDIT ["?route=settings/modules","admin@emarketforum.com"] []
[2021-06-29T16:51:59.462587+03:00] eMarket.INFO: EDIT ["?route=settings/modules","admin@emarketforum.com"] []
[2021-06-29T16:53:18.131275+03:00] eMarket.INFO: DELETE ["?route=settings/modules","admin@emarketforum.com"] []
[2021-06-29T16:54:04.606780+03:00] eMarket.INFO: ADD ["?route=settings/modules","admin@emarketforum.com"] []
[2021-06-29T16:54:10.029178+03:00] eMarket.INFO: DELETE_PAYMENT_CASH ["?route=settings/modules","admin@emarketforum.com"] []
[2021-06-29T16:55:10.865708+03:00] eMarket.INFO: ADD_PAYMENT_CASH ["?route=settings/modules","admin@emarketforum.com"] []
[2021-06-29T16:55:43.733129+03:00] eMarket.INFO: SAVE ["?route=settings/modules/edit","admin@emarketforum.com"] []
[2021-06-29T16:56:11.779141+03:00] eMarket.INFO: EDIT_PAYMENT_CASH ["?route=settings/modules","admin@emarketforum.com"] []
[2021-06-29T17:01:37.121838+03:00] eMarket.INFO: ADD_CATEGORY ["?route=stock","admin@emarketforum.com"] []
[2021-06-29T17:01:55.342989+03:00] eMarket.INFO: PASTE ["?route=stock","admin@emarketforum.com"] []
[2021-06-29T17:02:20.169586+03:00] eMarket.INFO: PASTE ["?route=stock","admin@emarketforum.com"] []
[2021-06-29T17:03:29.661308+03:00] eMarket.INFO: PASTE ["?route=stock","admin@emarketforum.com"] []
[2021-06-29T17:04:00.485236+03:00] eMarket.INFO: PASTE ["?route=stock","admin@emarketforum.com"] []
[2021-06-29T17:04:13.346925+03:00] eMarket.INFO: PASTE ["?route=stock","admin@emarketforum.com"] []
[2021-06-29T17:05:01.949762+03:00] eMarket.INFO: PASTE ["?route=stock","admin@emarketforum.com"] []
[2021-06-29T17:07:35.336452+03:00] eMarket.INFO: EDIT ["?route=orders","admin@emarketforum.com"] []
[2021-06-29T17:07:53.782597+03:00] eMarket.INFO: EDIT ["?route=orders","admin@emarketforum.com"] []
[2021-06-29T17:08:30.011098+03:00] eMarket.INFO: EDIT ["?route=orders","admin@emarketforum.com"] []
[2021-06-29T17:08:37.336565+03:00] eMarket.INFO: EDIT ["?route=orders","admin@emarketforum.com"] []
[2021-06-29T17:09:06.500223+03:00] eMarket.INFO: EDIT ["?route=slideshow","admin@emarketforum.com"] []
[2021-06-29T17:09:13.830057+03:00] eMarket.INFO: SLIDESHOW_PREF EDIT ["?route=slideshow","admin@emarketforum.com"] []
[2021-06-29T17:09:26.484637+03:00] eMarket.INFO: EDIT ["?route=stikers","admin@emarketforum.com"] []
[2021-06-29T17:09:52.649201+03:00] eMarket.INFO: EDIT ["?route=manufacturers","admin@emarketforum.com"] []
[2021-06-29T17:10:08.988071+03:00] eMarket.INFO: EDIT ["?route=settings/basic_settings","admin@emarketforum.com"] []
[2021-06-29T17:10:21.840830+03:00] eMarket.INFO: EDIT ["?route=settings/currencies","admin@emarketforum.com"] []
[2021-06-29T17:10:33.391268+03:00] eMarket.INFO: EDIT ["?route=settings/taxes","admin@emarketforum.com"] []
[2021-06-29T17:10:58.746586+03:00] eMarket.INFO: EDIT ["?route=settings/length","admin@emarketforum.com"] []
[2021-06-29T17:11:28.445298+03:00] eMarket.INFO: EDIT ["?route=settings/length","admin@emarketforum.com"] []
[2021-06-29T17:11:38.970769+03:00] eMarket.INFO: EDIT ["?route=settings/weight","admin@emarketforum.com"] []
[2021-06-29T17:12:15.800661+03:00] eMarket.INFO: EDIT ["?route=settings/vendor_codes","admin@emarketforum.com"] []
[2021-06-29T17:12:24.618277+03:00] eMarket.INFO: EDIT ["?route=settings/units","admin@emarketforum.com"] []
[2021-06-29T17:12:37.754427+03:00] eMarket.INFO: EDIT ["?route=settings/modules/edit","admin@emarketforum.com"] []
[2021-06-29T17:12:50.804758+03:00] eMarket.INFO: EDIT ["?route=settings/countries","admin@emarketforum.com"] []
[2021-06-29T17:13:01.122039+03:00] eMarket.INFO: EDIT ["?route=settings/countries/regions","admin@emarketforum.com"] []
[2021-06-29T17:13:14.259574+03:00] eMarket.INFO: EDIT ["?route=settings/zones","admin@emarketforum.com"] []
[2021-06-29T17:13:24.226735+03:00] eMarket.INFO: ADD ["?route=settings/zones/listing","admin@emarketforum.com"] []
[2021-06-29T17:13:38.237383+03:00] eMarket.INFO: EDIT ["?route=settings/order_status","admin@emarketforum.com"] []
[2021-06-29T17:14:28.121406+03:00] eMarket.INFO: EDIT ["?route=staff_manager","admin@emarketforum.com"] []
[2021-06-29T17:14:47.800768+03:00] eMarket.INFO: EDIT ["?route=customers","micromail@mail.ru"] []
[2021-06-29T17:14:50.726430+03:00] eMarket.INFO: EDIT ["?route=customers","micromail@mail.ru"] []
[2021-06-29T17:18:36.133923+03:00] eMarket.ERROR: MESSAGES_EMAIL_OR_PASSWORD_IS_NOT_CORRECT ["?route=login","Unknown user"] []
[2021-06-29T17:21:31.443247+03:00] eMarket.ERROR: MESSAGES_EMAIL_OR_PASSWORD_IS_NOT_CORRECT ["?route=login","Catalog unknown user"] []
[2021-06-29T17:24:05.573752+03:00] eMarket.ERROR: MESSAGES_EMAIL_OR_PASSWORD_IS_NOT_CORRECT ["?route=login","Catalog unknown user - 127.0.0.1"] []
[2021-06-29T17:55:58.724951+03:00] eMarket.INFO: EDIT ["?route=settings/modules/edit","admin@emarketforum.com"] []
[2021-06-29T17:58:05.851872+03:00] eMarket.INFO: EDIT ["?route=settings/modules/edit","admin@emarketforum.com"] []
[2021-06-29T21:20:36.191355+03:00] eMarket.ERROR: MESSAGES_EMAIL_OR_PASSWORD_IS_NOT_CORRECT ["?route=login","Catalog unknown user - 127.0.0.1"] []
[2021-06-29T21:20:39.714631+03:00] eMarket.ERROR: MESSAGES_EMAIL_OR_PASSWORD_IS_NOT_CORRECT ["?route=login","Catalog unknown user - 127.0.0.1"] []
[2021-06-29T21:20:41.800412+03:00] eMarket.ERROR: MESSAGES_EMAIL_OR_PASSWORD_IS_NOT_CORRECT ["?route=login","Catalog unknown user - 127.0.0.1"] []
[2021-06-29T21:20:59.329219+03:00] eMarket.ERROR: MESSAGES_EMAIL_OR_PASSWORD_IS_NOT_CORRECT ["?route=login","Catalog unknown user - 127.0.0.1"] []
[2021-06-29T21:21:37.464078+03:00] eMarket.ERROR: MESSAGES_EMAIL_OR_PASSWORD_IS_NOT_CORRECT ["?route=login","Catalog unknown user - 127.0.0.1"] []
[2021-06-29T21:35:14.568885+03:00] eMarket.INFO: EDIT_STATUS_DISCOUNT_SALE ["?route=settings/modules","admin@emarketforum.com"] []
[2021-06-29T21:35:41.856967+03:00] eMarket.INFO: EDIT_STATUS_DISCOUNT_SALE ["?route=settings/modules","admin@emarketforum.com"] []
[2021-06-29T21:35:50.236853+03:00] eMarket.INFO: EDIT_STATUS_DISCOUNT_SALE ["?route=settings/modules","admin@emarketforum.com"] []
[2021-06-29T21:36:07.507340+03:00] eMarket.INFO: EDIT_STATUS_DISCOUNT_SALE ["?route=settings/modules","admin@emarketforum.com"] []
[2021-06-29T21:39:16.417903+03:00] eMarket.INFO: SORTING ["?route=stock","admin@emarketforum.com"] []
[2021-06-29T21:39:22.882057+03:00] eMarket.INFO: SORTING ["?route=stock","admin@emarketforum.com"] []
[2021-06-29T21:39:25.675035+03:00] eMarket.INFO: SORTING ["?route=stock","admin@emarketforum.com"] []
[2021-06-29T21:47:36.359299+03:00] eMarket.INFO: STATUS ["?route=stock","admin@emarketforum.com"] []
[2021-06-29T21:47:36.361774+03:00] eMarket.INFO: SALE ["?route=stock","admin@emarketforum.com"] []
[2021-06-29T21:47:39.742045+03:00] eMarket.INFO: STATUS ["?route=stock","admin@emarketforum.com"] []
[2021-06-29T21:47:39.744264+03:00] eMarket.INFO: SALE ["?route=stock","admin@emarketforum.com"] []
[2021-06-29T21:47:42.439310+03:00] eMarket.INFO: STATUS ["?route=stock","admin@emarketforum.com"] []
[2021-06-29T21:47:42.441862+03:00] eMarket.INFO: SALE ["?route=stock","admin@emarketforum.com"] []
[2021-06-29T21:47:58.676808+03:00] eMarket.INFO: STATUS ["?route=stock","admin@emarketforum.com"] []
[2021-06-29T21:48:00.921635+03:00] eMarket.INFO: STATUS ["?route=stock","admin@emarketforum.com"] []
[2021-06-29T21:49:04.388252+03:00] eMarket.INFO: STATUS ["?route=stock","admin@emarketforum.com"] []
[2021-06-29T21:53:24.080797+03:00] eMarket.INFO: SALE_ON ["?route=stock","admin@emarketforum.com"] []
[2021-06-29T21:53:39.712669+03:00] eMarket.INFO: SALE_OFF_ALL ["?route=stock","admin@emarketforum.com"] []
[2021-06-29T21:54:22.167976+03:00] eMarket.INFO: STATUS ["?route=stock","admin@emarketforum.com"] []
[2021-06-29T21:54:31.933626+03:00] eMarket.INFO: STATUS ["?route=stock","admin@emarketforum.com"] []
[2021-06-29T21:57:13.224734+03:00] eMarket.INFO: STIKER_ON_OR_OFF ["?route=stock","admin@emarketforum.com"] []
[2021-06-29T21:57:31.195792+03:00] eMarket.INFO: STIKER_ON_OR_OFF ["?route=stock","admin@emarketforum.com"] []
